[ 2016-03-07T16:50:00+08:00 ] ::1 /index.php/Index/showachieve.html
ERR: 非法操作:showachieve

[ 2016-03-07T16:51:27+08:00 ] ::1 /index.php/Index/addnews.html
ERR: syntax error, unexpected ';', expecting ',' or ')'

[ 2016-03-07T16:52:02+08:00 ] ::1 /index.php/Index/addnews.html
ERR: syntax error, unexpected ';', expecting ',' or ')'

[ 2016-03-07T16:52:47+08:00 ] ::1 /index.php/Index/addnews.html
ERR: syntax error, unexpected ';', expecting ',' or ')'

[ 2016-03-07T16:55:27+08:00 ] ::1 /index.php/Index/addnews.html
ERR: syntax error, unexpected ';', expecting ',' or ')'

[ 2016-03-07T16:56:10+08:00 ] ::1 /index.php/Index/addnews.html
ERR: syntax error, unexpected ';', expecting ',' or ')'

[ 2016-03-07T16:56:38+08:00 ] ::1 /index.php/Index/addnews.html
ERR: syntax error, unexpected ';', expecting ',' or ')'

[ 2016-03-07T16:56:59+08:00 ] ::1 /index.php/Index/addnews.html
ERR: syntax error, unexpected ';', expecting ',' or ')'

[ 2016-03-07T16:57:29+08:00 ] ::1 /index.php/Index/addnews.html
ERR: syntax error, unexpected ';', expecting ',' or ')'

[ 2016-03-07T16:58:15+08:00 ] ::1 /index.php/Index/addnews.html
ERR: syntax error, unexpected '*'

