[ 2016-03-11T11:07:35+08:00 ] ::1 /mlab/lab/index.php/Index/delnews/id/1.html
INFO: [ app_begin ] --START--
INFO: Run Behavior\ReadHtmlCacheBehavior [ RunTime:0.001843s ]
INFO: [ app_begin ] --END-- [ RunTime:0.003256s ]
SQL: SHOW COLUMNS FROM `lab_news` [ RunTime:0.0148s ]
SQL: DELETE FROM `lab_news` WHERE ( id=1 ) [ RunTime:0.0074s ]

[ 2016-03-11T19:36:09+08:00 ] ::1 /mlab/lab/index.php/Index/delnews/id/1.html
INFO: [ app_begin ] --START--
INFO: Run Behavior\ReadHtmlCacheBehavior [ RunTime:0.002004s ]
INFO: [ app_begin ] --END-- [ RunTime:0.003354s ]
SQL: SHOW COLUMNS FROM `lab_news` [ RunTime:0.0124s ]
SQL: DELETE FROM `lab_news` WHERE ( id=1 ) [ RunTime:0.0042s ]

[ 2016-03-11T19:36:32+08:00 ] ::1 /mlab/lab/index.php/Index/addnews.html
ERR: 1048:Column 'content' cannot be null
 [ SQL语句 ] : INSERT INTO `lab_news` (`title`,`class_id`,`content`,`pic`,`date`) VALUES ('测试数据1','1',NULL,'','1457696192')

[ 2016-03-11T19:51:38+08:00 ] ::1 /mlab/lab/index.php/Index/delnews/id/3.html
INFO: [ app_begin ] --START--
INFO: Run Behavior\ReadHtmlCacheBehavior [ RunTime:0.002218s ]
INFO: [ app_begin ] --END-- [ RunTime:0.003401s ]
SQL: SHOW COLUMNS FROM `lab_news` [ RunTime:0.0117s ]
SQL: DELETE FROM `lab_news` WHERE ( id=3 ) [ RunTime:0.0038s ]

[ 2016-03-11T19:51:56+08:00 ] ::1 /mlab/lab/index.php/Index/delnews/id/2.html
INFO: [ app_begin ] --START--
INFO: Run Behavior\ReadHtmlCacheBehavior [ RunTime:0.001541s ]
INFO: [ app_begin ] --END-- [ RunTime:0.002572s ]
SQL: SHOW COLUMNS FROM `lab_news` [ RunTime:0.0120s ]
SQL: DELETE FROM `lab_news` WHERE ( id=2 ) [ RunTime:0.0064s ]

[ 2016-03-11T19:52:54+08:00 ] ::1 /mlab/lab/index.php/result/delresult/id/1.html
INFO: [ app_begin ] --START--
INFO: Run Behavior\ReadHtmlCacheBehavior [ RunTime:0.001552s ]
INFO: [ app_begin ] --END-- [ RunTime:0.002606s ]
SQL: SHOW COLUMNS FROM `lab_show` [ RunTime:0.0102s ]
SQL: DELETE FROM `lab_show` WHERE ( id=1 ) [ RunTime:0.0033s ]

